<?xml version="1.0" encoding="UTF-8"?>
<!-- Generated by org.testng.reporters.JUnitReportReporter -->
<testsuite skipped="0" hostname="Priya" name="com.bgp.testcases.EligibilityPageTest" tests="3" failures="0" timestamp="15 Jun 2020 12:06:02 GMT" time="79.634" errors="0">
  <testcase name="verifyAllQuestionsAvailable" time="19.614" classname="com.bgp.testcases.EligibilityPageTest"/>
  <testcase name="verifyWarningMsgForAllQuestions" time="39.962" classname="com.bgp.testcases.EligibilityPageTest"/>
  <testcase name="verifySaveAndRefreshPage" time="20.058" classname="com.bgp.testcases.EligibilityPageTest"/>
</testsuite> <!-- com.bgp.testcases.EligibilityPageTest -->
