<?xml version="1.0" encoding="UTF-8"?>
<!-- Generated by org.testng.reporters.JUnitReportReporter -->
<testsuite skipped="0" hostname="Priya" name="com.bgp.testcases.EligibilityPageTest" tests="3" failures="0" timestamp="16 Jun 2020 07:42:08 GMT" time="69.793" errors="0">
  <testcase name="verifyAllQuestionsAvailable" time="16.037" classname="com.bgp.testcases.EligibilityPageTest"/>
  <testcase name="verifySaveAndRefreshPage" time="18.646" classname="com.bgp.testcases.EligibilityPageTest"/>
  <testcase name="verifyWarningMsgForAllQuestions" time="35.110" classname="com.bgp.testcases.EligibilityPageTest"/>
</testsuite> <!-- com.bgp.testcases.EligibilityPageTest -->
