<?xml version="1.0" encoding="UTF-8"?>
<!-- Generated by org.testng.reporters.JUnitReportReporter -->
<testsuite skipped="0" hostname="Priya" name="com.bgp.testcases.verifyEligibilityPageTest" tests="3" failures="0" timestamp="14 Jun 2020 16:41:14 GMT" time="159.175" errors="0">
  <testcase name="verifyAllQuestionsAvailable" time="44.348" classname="com.bgp.testcases.verifyEligibilityPageTest"/>
  <testcase name="verifyWarningMsg" time="63.286" classname="com.bgp.testcases.verifyEligibilityPageTest"/>
  <testcase name="verifySaveAndRefreshPage" time="51.541" classname="com.bgp.testcases.verifyEligibilityPageTest"/>
</testsuite> <!-- com.bgp.testcases.verifyEligibilityPageTest -->
