<?xml version="1.0" encoding="UTF-8"?>
<!-- Generated by org.testng.reporters.JUnitReportReporter -->
<testsuite skipped="0" hostname="Priya" name="com.bgp.testcases.ReviewPageAndBacktoErrorPage" tests="1" failures="0" timestamp="15 Jun 2020 11:05:26 GMT" time="82.962" errors="0">
  <testcase name="verifyBackOnEligibiltyPage" time="82.962" classname="com.bgp.testcases.ReviewPageAndBacktoErrorPage"/>
</testsuite> <!-- com.bgp.testcases.ReviewPageAndBacktoErrorPage -->
