<?xml version="1.0" encoding="UTF-8"?>
<!-- Generated by org.testng.reporters.JUnitReportReporter -->
<testsuite skipped="0" hostname="Priya" name="com.bgp.testcases.EligibilityPageTest" tests="3" failures="0" timestamp="15 Jun 2020 09:33:06 GMT" time="128.470" errors="0">
  <testcase name="verifyAllQuestionsAvailable" time="37.071" classname="com.bgp.testcases.EligibilityPageTest"/>
  <testcase name="verifyWarningMsgForAllQuestions" time="53.821" classname="com.bgp.testcases.EligibilityPageTest"/>
  <testcase name="verifySaveAndRefreshPage" time="37.578" classname="com.bgp.testcases.EligibilityPageTest"/>
</testsuite> <!-- com.bgp.testcases.EligibilityPageTest -->
