<?xml version="1.0" encoding="UTF-8"?>
<!-- Generated by org.testng.reporters.JUnitReportReporter -->
<testsuite skipped="0" hostname="Priya" name="com.bgp.testcases.ContactDetailsPageTest" tests="5" failures="0" timestamp="16 Jun 2020 07:42:08 GMT" time="100.404" errors="0">
  <testcase name="verifyCheckBoxSameAsMainContactPerson" time="18.038" classname="com.bgp.testcases.ContactDetailsPageTest"/>
  <testcase name="verifySubSectionOfMainContactPerson" time="23.911" classname="com.bgp.testcases.ContactDetailsPageTest"/>
  <testcase name="verifyCheckBoxSameAsAddressCompanyProfile" time="19.429" classname="com.bgp.testcases.ContactDetailsPageTest"/>
  <testcase name="verifySaveAndRefresh" time="21.636" classname="com.bgp.testcases.ContactDetailsPageTest"/>
  <testcase name="verifySubSectionOfLetterOfAddressee" time="17.390" classname="com.bgp.testcases.ContactDetailsPageTest"/>
</testsuite> <!-- com.bgp.testcases.ContactDetailsPageTest -->
