<?xml version="1.0" encoding="UTF-8"?>
<!-- Generated by org.testng.reporters.JUnitReportReporter -->
<testsuite skipped="0" hostname="Priya" name="com.bgp.testcases.FormSubmission" tests="2" failures="0" timestamp="16 Jun 2020 07:42:08 GMT" time="154.832" errors="0">
  <testcase name="verifyReadOnlySummeryPageDetails" time="72.184" classname="com.bgp.testcases.FormSubmission"/>
  <testcase name="verifySubmittedFormAndProcessingTab" time="82.648" classname="com.bgp.testcases.FormSubmission"/>
</testsuite> <!-- com.bgp.testcases.FormSubmission -->
