<?xml version="1.0" encoding="UTF-8"?>
<!-- Generated by org.testng.reporters.JUnitReportReporter -->
<testsuite skipped="0" hostname="Priya" name="com.bgp.testcases.ReviewPageAndBacktoErrorPage" tests="6" failures="0" timestamp="16 Jun 2020 07:42:08 GMT" time="392.274" errors="0">
  <testcase name="verifyBackOnDeclarePage" time="65.791" classname="com.bgp.testcases.ReviewPageAndBacktoErrorPage"/>
  <testcase name="verifyBackOnEligibiltyPage" time="72.566" classname="com.bgp.testcases.ReviewPageAndBacktoErrorPage"/>
  <testcase name="verifyBackOnContactDetailsPage" time="61.258" classname="com.bgp.testcases.ReviewPageAndBacktoErrorPage"/>
  <testcase name="verifyBackOnCostPage" time="50.936" classname="com.bgp.testcases.ReviewPageAndBacktoErrorPage"/>
  <testcase name="verifyBackOnBIPage" time="76.038" classname="com.bgp.testcases.ReviewPageAndBacktoErrorPage"/>
  <testcase name="verifyBackOnProposalPage" time="65.685" classname="com.bgp.testcases.ReviewPageAndBacktoErrorPage"/>
</testsuite> <!-- com.bgp.testcases.ReviewPageAndBacktoErrorPage -->
