<?xml version="1.0" encoding="UTF-8"?>
<!-- Generated by org.testng.reporters.JUnitReportReporter -->
<testsuite skipped="0" hostname="Priya" name="com.bgp.testcases.FormSubmission" tests="1" failures="0" timestamp="15 Jun 2020 11:05:26 GMT" time="73.731" errors="0">
  <testcase name="verifyReadOnlySummeryPageDetails" time="73.731" classname="com.bgp.testcases.FormSubmission"/>
</testsuite> <!-- com.bgp.testcases.FormSubmission -->
