<?xml version="1.0" encoding="UTF-8"?>
<!-- Generated by org.testng.reporters.JUnitReportReporter -->
<testsuite skipped="0" hostname="Priya" name="com.bgp.testcases.ContactDetailsPageTest" tests="5" failures="0" timestamp="15 Jun 2020 12:06:02 GMT" time="101.372" errors="0">
  <testcase name="verifyCheckBoxSameAsMainContactPerson" time="20.868" classname="com.bgp.testcases.ContactDetailsPageTest"/>
  <testcase name="verifyCheckBoxSameAsAddressCompanyProfile" time="18.065" classname="com.bgp.testcases.ContactDetailsPageTest"/>
  <testcase name="verifySubSectionOfMainContactPerson" time="20.599" classname="com.bgp.testcases.ContactDetailsPageTest"/>
  <testcase name="verifySaveAndRefresh" time="22.121" classname="com.bgp.testcases.ContactDetailsPageTest"/>
  <testcase name="verifySubSectionOfLetterOfAddressee" time="19.719" classname="com.bgp.testcases.ContactDetailsPageTest"/>
</testsuite> <!-- com.bgp.testcases.ContactDetailsPageTest -->
