<?xml version="1.0" encoding="UTF-8"?>
<!-- Generated by org.testng.reporters.JUnitReportReporter -->
<testsuite skipped="0" hostname="Priya" name="com.bgp.testcases.FormSubmission" tests="2" failures="0" timestamp="15 Jun 2020 10:10:35 GMT" time="180.619" errors="0">
  <testcase name="verifyReadOnlySummeryPageDetails" time="76.880" classname="com.bgp.testcases.FormSubmission"/>
  <testcase name="verifySubmittedFormAndProcessingTab" time="103.739" classname="com.bgp.testcases.FormSubmission"/>
</testsuite> <!-- com.bgp.testcases.FormSubmission -->
