<?xml version="1.0" encoding="UTF-8"?>
<!-- Generated by org.testng.reporters.JUnitReportReporter -->
<testsuite skipped="0" hostname="Priya" name="com.bgp.testcases.ReviewPageAndBacktoErrorPage" tests="6" failures="0" timestamp="15 Jun 2020 09:49:11 GMT" time="381.509" errors="0">
  <testcase name="verifyBackOnEligibiltyPage" time="63.485" classname="com.bgp.testcases.ReviewPageAndBacktoErrorPage"/>
  <testcase name="verifyBackOnContactDetailsPage" time="66.974" classname="com.bgp.testcases.ReviewPageAndBacktoErrorPage"/>
  <testcase name="verifyBackOnProposalPage" time="62.828" classname="com.bgp.testcases.ReviewPageAndBacktoErrorPage"/>
  <testcase name="verifyBackOnBIPage" time="67.536" classname="com.bgp.testcases.ReviewPageAndBacktoErrorPage"/>
  <testcase name="verifyBackOnCostPage" time="56.423" classname="com.bgp.testcases.ReviewPageAndBacktoErrorPage"/>
  <testcase name="verifyBackOnDeclarePage" time="64.263" classname="com.bgp.testcases.ReviewPageAndBacktoErrorPage"/>
</testsuite> <!-- com.bgp.testcases.ReviewPageAndBacktoErrorPage -->
