<?xml version="1.0" encoding="UTF-8"?>
<!-- Generated by org.testng.reporters.JUnitReportReporter -->
<testsuite skipped="0" hostname="Priya" name="com.bgp.testcases.ReviewPageAndBacktoErrorPage" tests="6" failures="0" timestamp="15 Jun 2020 12:06:02 GMT" time="360.877" errors="0">
  <testcase name="verifyBackOnProposalPage" time="64.127" classname="com.bgp.testcases.ReviewPageAndBacktoErrorPage"/>
  <testcase name="verifyBackOnContactDetailsPage" time="63.682" classname="com.bgp.testcases.ReviewPageAndBacktoErrorPage"/>
  <testcase name="verifyBackOnCostPage" time="45.680" classname="com.bgp.testcases.ReviewPageAndBacktoErrorPage"/>
  <testcase name="verifyBackOnBIPage" time="67.843" classname="com.bgp.testcases.ReviewPageAndBacktoErrorPage"/>
  <testcase name="verifyBackOnDeclarePage" time="59.033" classname="com.bgp.testcases.ReviewPageAndBacktoErrorPage"/>
  <testcase name="verifyBackOnEligibiltyPage" time="60.512" classname="com.bgp.testcases.ReviewPageAndBacktoErrorPage"/>
</testsuite> <!-- com.bgp.testcases.ReviewPageAndBacktoErrorPage -->
