<?xml version="1.0" encoding="UTF-8"?>
<!-- Generated by org.testng.reporters.JUnitReportReporter -->
<testsuite skipped="0" hostname="Priya" name="com.bgp.testcases.ContactDetailsPageTest" tests="1" failures="0" timestamp="15 Jun 2020 11:05:26 GMT" time="40.933" errors="0">
  <testcase name="verifySubSectionOfMainContactPerson" time="40.933" classname="com.bgp.testcases.ContactDetailsPageTest"/>
</testsuite> <!-- com.bgp.testcases.ContactDetailsPageTest -->
