<?xml version="1.0" encoding="UTF-8"?>
<!-- Generated by org.testng.reporters.JUnitReportReporter -->
<testsuite skipped="0" hostname="Priya" name="com.bgp.testcases.ContactDetailsPageTest" tests="5" failures="0" timestamp="15 Jun 2020 09:40:38 GMT" time="200.154" errors="0">
  <testcase name="verifySubSectionOfMainContactPerson" time="39.990" classname="com.bgp.testcases.ContactDetailsPageTest"/>
  <testcase name="verifyCheckBoxSameAsAddressCompanyProfile" time="40.162" classname="com.bgp.testcases.ContactDetailsPageTest"/>
  <testcase name="verifySubSectionOfLetterOfAddressee" time="38.713" classname="com.bgp.testcases.ContactDetailsPageTest"/>
  <testcase name="verifyCheckBoxSameAsMainContactPerson" time="37.921" classname="com.bgp.testcases.ContactDetailsPageTest"/>
  <testcase name="verifySaveAndRefresh" time="43.368" classname="com.bgp.testcases.ContactDetailsPageTest"/>
</testsuite> <!-- com.bgp.testcases.ContactDetailsPageTest -->
